<?xml version="1.0" encoding="UTF-8"?>
<!-- Generated by org.testng.reporters.JUnitReportReporter -->
<testsuite skipped="0" hostname="WLB162SH" name="ToolsQA.APITestingFramework.FirstTest" tests="2" failures="0" timestamp="22 Mar 2019 13:36:45 GMT" time="0.016" errors="0">
  <testcase name="test1" time="0.012" classname="ToolsQA.APITestingFramework.FirstTest"/>
  <testcase name="test2" time="0.004" classname="ToolsQA.APITestingFramework.FirstTest"/>
</testsuite> <!-- ToolsQA.APITestingFramework.FirstTest -->
