<?xml version="1.0" encoding="UTF-8"?>
<!-- Generated by org.testng.reporters.JUnitReportReporter -->
<testsuite skipped="0" hostname="WLB162SH" name="ToolsQA.APITestingFramework.SampleTest" tests="2" failures="0" timestamp="22 Mar 2019 13:34:09 GMT" time="0.000" errors="0">
  <testcase name="test2" time="0.000" classname="ToolsQA.APITestingFramework.SampleTest"/>
  <testcase name="test1" time="0.000" classname="ToolsQA.APITestingFramework.SampleTest"/>
</testsuite> <!-- ToolsQA.APITestingFramework.SampleTest -->
