<?xml version="1.0" encoding="UTF-8"?>
<!-- Generated by org.testng.reporters.JUnitReportReporter -->
<testsuite skipped="0" hostname="WLB162SH" name="ToolsQA.APITestingFramework.APITest" tests="1" failures="0" timestamp="22 Mar 2019 14:07:07 GMT" time="2.015" errors="0">
  <testcase name="test1" time="2.015" classname="ToolsQA.APITestingFramework.APITest"/>
</testsuite> <!-- ToolsQA.APITestingFramework.APITest -->
